[001] INFO: Cron job 'clean_tmp' executed successfully.
[002] INFO: Syncing database to secondary node...
[003] WARN: Disk usage at 72%.
[004] INFO: User 'guest' connected.
[005] DEBUG: Memory allocation for buffer 0x4f2a successful.
[006] INFO: Cron job 'clean_tmp' executed successfully.
[007] DEBUG: Memory allocation for buffer 0x4f2a successful.
[008] DEBUG: Memory allocation for buffer 0x4f2a successful.
[009] INFO: Syncing database to secondary node...
[010] INFO: Syncing database to secondary node...
[011] INFO: User 'guest' connected.
[012] INFO: Cron job 'clean_tmp' executed successfully.
[013] WARN: Disk usage at 72%.
[014] INFO: Heartbeat sent to monitor.
[015] INFO: User 'guest' connected.
[016] DEBUG: CPU Temperature: 42C
[017] WARN: Disk usage at 72%.
[018] DEBUG: Memory allocation for buffer 0x4f2a successful.
[019] DEBUG: Memory allocation for buffer 0x4f2a successful.
[020] INFO: User 'guest' connected.
[021] DEBUG: CPU Temperature: 42C
[022] INFO: Cron job 'clean_tmp' executed successfully.
[023] INFO: Syncing database to secondary node...
[024] DEBUG: CPU Temperature: 42C
[025] DEBUG: Memory allocation for buffer 0x4f2a successful.
[026] INFO: User 'guest' connected.
[027] INFO: Syncing database to secondary node...
[028] INFO: Heartbeat sent to monitor.
[029] DEBUG: CPU Temperature: 42C
[030] DEBUG: CPU Temperature: 42C
[031] DEBUG: CPU Temperature: 42C
[032] INFO: User 'guest' connected.
[033] DEBUG: CPU Temperature: 42C
[034] INFO: Syncing database to secondary node...
[035] INFO: Heartbeat sent to monitor.
[036] DEBUG: Memory allocation for buffer 0x4f2a successful.
[037] DEBUG: Memory allocation for buffer 0x4f2a successful.
[038] WARN: Disk usage at 72%.
[039] DEBUG: Memory allocation for buffer 0x4f2a successful.
[040] DEBUG: CPU Temperature: 42C
[041] WARN: Disk usage at 72%.
[042] INFO: Syncing database to secondary node...
[043] INFO: Cron job 'clean_tmp' executed successfully.
[044] INFO: User 'guest' connected.
[045] INFO: Heartbeat sent to monitor.
[046] DEBUG: Memory allocation for buffer 0x4f2a successful.
[047] DEBUG: Memory allocation for buffer 0x4f2a successful.
[048] INFO: Syncing database to secondary node...
[049] WARN: Disk usage at 72%.
[050] INFO: Heartbeat sent to monitor.
[051] WARN: Disk usage at 72%.
[052] INFO: Syncing database to secondary node...
[053] INFO: Heartbeat sent to monitor.
[054] INFO: Heartbeat sent to monitor.
[055] INFO: Syncing database to secondary node...
[056] DEBUG: Memory allocation for buffer 0x4f2a successful.
[057] WARN: Disk usage at 72%.
[058] WARN: Disk usage at 72%.
[059] INFO: Cron job 'clean_tmp' executed successfully.
[060] DEBUG: CPU Temperature: 42C
[061] INFO: Heartbeat sent to monitor.
[062] INFO: User 'guest' connected.
[063] DEBUG: Memory allocation for buffer 0x4f2a successful.
[064] INFO: Heartbeat sent to monitor.
[065] INFO: User 'guest' connected.
[066] DEBUG: Memory allocation for buffer 0x4f2a successful.
[067] INFO: Syncing database to secondary node...
[068] DEBUG: CPU Temperature: 42C
[069] INFO: Cron job 'clean_tmp' executed successfully.
[070] WARN: Disk usage at 72%.
[071] INFO: Syncing database to secondary node...
[072] WARN: Disk usage at 72%.
[073] DEBUG: CPU Temperature: 42C
[074] INFO: User 'guest' connected.
[075] INFO: User 'guest' connected.
[076] DEBUG: Memory allocation for buffer 0x4f2a successful.
[077] WARN: Disk usage at 72%.
[078] INFO: Heartbeat sent to monitor.
[079] WARN: Disk usage at 72%.
[080] INFO: User 'guest' connected.
[081] INFO: Syncing database to secondary node...
[082] INFO: User 'guest' connected.
[083] INFO: Syncing database to secondary node...
[084] DEBUG: CPU Temperature: 42C
[085] DEBUG: Memory allocation for buffer 0x4f2a successful.
[086] WARN: Disk usage at 72%.
[087] INFO: Cron job 'clean_tmp' executed successfully.
[088] DEBUG: Memory allocation for buffer 0x4f2a successful.
[089] DEBUG: CPU Temperature: 42C
[090] DEBUG: CPU Temperature: 42C
[091] DEBUG: Memory allocation for buffer 0x4f2a successful.
[092] INFO: User 'guest' connected.
[093] INFO: User 'guest' connected.
[094] INFO: Syncing database to secondary node...
[095] DEBUG: Memory allocation for buffer 0x4f2a successful.
[096] INFO: Syncing database to secondary node...
[097] INFO: Cron job 'clean_tmp' executed successfully.
[098] DEBUG: CPU Temperature: 42C
[099] DEBUG: CPU Temperature: 42C
[100] DEBUG: Memory allocation for buffer 0x4f2a successful.
